<?xml version="1.0" encoding="UTF-8"?>
<!-- Generated by org.testng.reporters.JUnitReportReporter -->
<testsuite skipped="0" hostname="DESKTOP-UQOQGP4" name="test.radomTests" tests="1" failures="0" timestamp="09 Feb 2020 09:40:08 GMT" time="10.727" errors="0">
  <testcase name="randomTests" time="10.727" classname="test.radomTests"/>
</testsuite> <!-- test.radomTests -->
