<?xml version="1.0" encoding="UTF-8"?>
<!-- Generated by org.testng.reporters.JUnitReportReporter -->
<testsuite skipped="0" hostname="DESKTOP-UQOQGP4" name="test.loginTests" tests="4" failures="0" timestamp="11 Feb 2020 07:35:10 GMT" time="1.914" errors="0">
  <testcase name="emptyLoginFieldsTest" time="0.084" classname="test.loginTests"/>
  <testcase name="adminLoginTest" time="1.124" classname="test.loginTests"/>
  <testcase name="userLoginTest" time="0.453" classname="test.loginTests"/>
  <testcase name="wrongLoginTest" time="0.253" classname="test.loginTests"/>
</testsuite> <!-- test.loginTests -->
